  Worker.cpp
  TrieHash.cpp
  TrieCommon.cpp
  TransientDirectory.cpp
  SHA3.cpp
  RLP.cpp
  OverlayDB.cpp
  MemoryDB.cpp
  LoggingProgramOptions.cpp
  Log.cpp
  LevelDB.cpp
f:\dev\ethereum (dev)\cpp-ethereum\libdevcore\leveldb.h(23): fatal error C1083: Cannot open include file: 'leveldb/db.h': No such file or directory
  JsonUtils.cpp
  Guards.cpp
  FixedHash.cpp
  FileSystem.cpp
  CommonJS.cpp
  CommonIO.cpp
  CommonData.cpp
  Common.cpp
  Base64.cpp
  Generating Code...
  Compiling...
  Address.cpp
  Generating Code...
